<Properties>

    <properties>
        <test>
            <key>
                <string>Properties Test String Value</string>
                <strings>Properties Array Value 1</strings>
                <strings>Properties Array Value 2</strings>

                <bool>true</bool>
                <bools>true</bools>
                <bools>false</bools>
                <bools>true</bools>

                <integer>77</integer>
                <integers>77</integers>
                <integers>79</integers>
                <integers>83</integers>

                <long>54353</long>
                <longs>54353</longs>
                <longs>65256</longs>
                <longs>98432</longs>

                <double>3.45</double>
                <doubles>3.45</doubles>
                <doubles>6.76</doubles>
                <doubles>9.32</doubles>

                <float>6.98</float>
                <floats>6.98</floats>
                <floats>2.23</floats>
                <floats>1.24</floats>

                <bigdecimal>755.87</bigdecimal>
                <bigdecimals>755.87</bigdecimals>
                <bigdecimals>876.43</bigdecimals>
                <bigdecimals>908.32</bigdecimals>

                <biginteger>123456789</biginteger>
                <bigintegers>123456789</bigintegers>
                <bigintegers>543987532</bigintegers>
                <bigintegers>549874348</bigintegers>
            </key>
        </test>
    </properties>
</Properties>

